
2024/05/28 (06:45:10) | ===> btop++ v.1.3.2
2024/05/28 (06:45:10) | WARNING: NVML: Failed to get maximum GPU power draw, defaulting to 225W: Not Supported

2024/06/05 (11:26:58) | ===> btop++ v.1.3.2
2024/06/05 (11:26:58) | ERROR: Couldn't determine terminal size of "STDOUT_FILENO"!

2024/08/19 (19:06:15) | ===> btop++ v.1.3.2
2024/08/19 (19:06:15) | ERROR: Stall in Runner thread, restarting!

2024/08/19 (19:11:28) | ===> btop++ v.1.3.2
2024/08/19 (19:11:28) | ERROR: Stall in Runner thread, restarting!

2024/11/18 (18:01:48) | ===> btop++ v.1.4.0
2024/11/18 (18:01:48) | ERROR: Couldn't determine terminal size of "STDOUT_FILENO"!

2025/02/09 (20:30:31) | ===> btop++ v.1.4.0
2025/02/09 (20:30:31) | WARNING: Failed to join _runner thread on exit!

2025/02/09 (20:47:54) | ===> btop++ v.1.4.0
2025/02/09 (20:47:54) | WARNING: Failed to join _runner thread on exit!

2025/03/02 (03:12:21) | ===> btop++ v.1.4.0
2025/03/02 (03:12:21) | WARNING: Failed to join _runner thread on exit!

2025/03/05 (18:46:28) | ===> btop++ v.1.4.0
2025/03/05 (18:46:28) | WARNING: Failed to join _runner thread on exit!

2025/03/21 (21:22:04) | ===> btop++ v.1.4.0
2025/03/21 (21:22:04) | WARNING: Failed to join _runner thread on exit!

2025/03/29 (16:56:18) | ===> btop++ v.1.4.0
2025/03/29 (16:56:18) | WARNING: Failed to join _runner thread on exit!

2025/03/30 (06:42:13) | ===> btop++ v.1.4.0
2025/03/30 (06:42:13) | WARNING: Failed to join _runner thread on exit!

2025/03/31 (07:24:12) | ===> btop++ v.1.4.0
2025/03/31 (07:24:12) | WARNING: Failed to join _runner thread on exit!

2025/03/31 (09:02:48) | ===> btop++ v.1.4.0
2025/03/31 (09:02:48) | WARNING: Failed to join _runner thread on exit!

2025/04/09 (00:13:13) | ===> btop++ v.1.4.0
2025/04/09 (00:13:13) | WARNING: Failed to join _runner thread on exit!

2025/04/09 (00:14:34) | ===> btop++ v.1.4.0
2025/04/09 (00:14:34) | WARNING: Failed to join _runner thread on exit!

2025/04/10 (00:17:51) | ===> btop++ v.1.4.0
2025/04/10 (00:17:51) | WARNING: Failed to join _runner thread on exit!

2025/04/11 (13:19:59) | ===> btop++ v.1.4.0
2025/04/11 (13:19:59) | WARNING: Failed to join _runner thread on exit!

2025/04/11 (15:37:33) | ===> btop++ v.1.4.0
2025/04/11 (15:37:33) | WARNING: Failed to join _runner thread on exit!
